<?xml version="1.0" encoding="UTF-8"?>
<coverage generated="1675412247803" clover="3.2.0">
  <project timestamp="1675412247803" name="All files">
    <metrics statements="53" coveredstatements="51" conditionals="17" coveredconditionals="15" methods="26" coveredmethods="25" elements="96" coveredelements="91" complexity="0" loc="53" ncloc="53" packages="8" files="13" classes="13"/>
    <package name="common">
      <metrics statements="20" coveredstatements="20" conditionals="12" coveredconditionals="12" methods="7" coveredmethods="7"/>
      <file name="capitalize.ts" path="/Users/Hector/Desktop/sentisisFrontendChallenge/src/common/capitalize.ts">
        <metrics statements="5" coveredstatements="5" conditionals="4" coveredconditionals="4" methods="2" coveredmethods="2"/>
        <line num="1" count="1" type="stmt"/>
        <line num="2" count="3" type="cond" truecount="2" falsecount="0"/>
        <line num="4" count="1" type="stmt"/>
        <line num="8" count="1" type="stmt"/>
        <line num="9" count="3" type="cond" truecount="2" falsecount="0"/>
      </file>
      <file name="dateParser.ts" path="/Users/Hector/Desktop/sentisisFrontendChallenge/src/common/dateParser.ts">
        <metrics statements="7" coveredstatements="7" conditionals="2" coveredconditionals="2" methods="1" coveredmethods="1"/>
        <line num="1" count="2" type="stmt"/>
        <line num="2" count="8" type="cond" truecount="2" falsecount="0"/>
        <line num="3" count="2" type="stmt"/>
        <line num="6" count="6" type="stmt"/>
        <line num="7" count="6" type="stmt"/>
        <line num="8" count="6" type="stmt"/>
        <line num="10" count="6" type="stmt"/>
      </file>
      <file name="getCurrencyFormat.ts" path="/Users/Hector/Desktop/sentisisFrontendChallenge/src/common/getCurrencyFormat.ts">
        <metrics statements="3" coveredstatements="3" conditionals="2" coveredconditionals="2" methods="2" coveredmethods="2"/>
        <line num="1" count="3" type="stmt"/>
        <line num="2" count="11" type="stmt"/>
        <line num="9" count="11" type="cond" truecount="2" falsecount="0"/>
      </file>
      <file name="moneyParser.ts" path="/Users/Hector/Desktop/sentisisFrontendChallenge/src/common/moneyParser.ts">
        <metrics statements="5" coveredstatements="5" conditionals="4" coveredconditionals="4" methods="2" coveredmethods="2"/>
        <line num="1" count="2" type="stmt"/>
        <line num="2" count="4" type="cond" truecount="2" falsecount="0"/>
        <line num="4" count="2" type="stmt"/>
        <line num="7" count="2" type="stmt"/>
        <line num="8" count="4" type="cond" truecount="2" falsecount="0"/>
      </file>
    </package>
    <package name="components.CartButton">
      <metrics statements="2" coveredstatements="2" conditionals="0" coveredconditionals="0" methods="1" coveredmethods="1"/>
      <file name="CartButton.tsx" path="/Users/Hector/Desktop/sentisisFrontendChallenge/src/components/CartButton/CartButton.tsx">
        <metrics statements="2" coveredstatements="2" conditionals="0" coveredconditionals="0" methods="1" coveredmethods="1"/>
        <line num="9" count="1" type="stmt"/>
        <line num="10" count="1" type="stmt"/>
      </file>
    </package>
    <package name="components.Loading">
      <metrics statements="2" coveredstatements="2" conditionals="0" coveredconditionals="0" methods="1" coveredmethods="1"/>
      <file name="SpinnerComponent.tsx" path="/Users/Hector/Desktop/sentisisFrontendChallenge/src/components/Loading/SpinnerComponent.tsx">
        <metrics statements="2" coveredstatements="2" conditionals="0" coveredconditionals="0" methods="1" coveredmethods="1"/>
        <line num="4" count="1" type="stmt"/>
        <line num="5" count="1" type="stmt"/>
      </file>
    </package>
    <package name="components.Modal">
      <metrics statements="9" coveredstatements="9" conditionals="0" coveredconditionals="0" methods="5" coveredmethods="5"/>
      <file name="ProductDataModalComponent.tsx" path="/Users/Hector/Desktop/sentisisFrontendChallenge/src/components/Modal/ProductDataModalComponent.tsx">
        <metrics statements="3" coveredstatements="3" conditionals="0" coveredconditionals="0" methods="2" coveredmethods="2"/>
        <line num="13" count="1" type="stmt"/>
        <line num="14" count="1" type="stmt"/>
        <line num="68" count="1" type="stmt"/>
      </file>
      <file name="SummaryModalComponent.tsx" path="/Users/Hector/Desktop/sentisisFrontendChallenge/src/components/Modal/SummaryModalComponent.tsx">
        <metrics statements="6" coveredstatements="6" conditionals="0" coveredconditionals="0" methods="3" coveredmethods="3"/>
        <line num="6" count="1" type="stmt"/>
        <line num="16" count="1" type="stmt"/>
        <line num="17" count="1" type="stmt"/>
        <line num="18" count="2" type="stmt"/>
        <line num="21" count="1" type="stmt"/>
        <line num="37" count="2" type="stmt"/>
      </file>
    </package>
    <package name="components.Table">
      <metrics statements="12" coveredstatements="11" conditionals="2" coveredconditionals="2" methods="9" coveredmethods="8"/>
      <file name="TableComponent.tsx" path="/Users/Hector/Desktop/sentisisFrontendChallenge/src/components/Table/TableComponent.tsx">
        <metrics statements="6" coveredstatements="5" conditionals="2" coveredconditionals="2" methods="5" coveredmethods="4"/>
        <line num="17" count="36" type="stmt"/>
        <line num="28" count="4" type="stmt"/>
        <line num="43" count="1" type="stmt"/>
        <line num="44" count="2" type="stmt"/>
        <line num="60" count="4" type="stmt"/>
        <line num="86" count="0" type="stmt"/>
      </file>
      <file name="UnitSelector.tsx" path="/Users/Hector/Desktop/sentisisFrontendChallenge/src/components/Table/UnitSelector.tsx">
        <metrics statements="6" coveredstatements="6" conditionals="0" coveredconditionals="0" methods="4" coveredmethods="4"/>
        <line num="9" count="2" type="stmt"/>
        <line num="32" count="2" type="stmt"/>
        <line num="33" count="5" type="stmt"/>
        <line num="35" count="5" type="stmt"/>
        <line num="42" count="2" type="stmt"/>
        <line num="63" count="1" type="stmt"/>
      </file>
    </package>
    <package name="redux.actions">
      <metrics statements="2" coveredstatements="2" conditionals="0" coveredconditionals="0" methods="2" coveredmethods="2"/>
      <file name="data.actions.ts" path="/Users/Hector/Desktop/sentisisFrontendChallenge/src/redux/actions/data.actions.ts">
        <metrics statements="2" coveredstatements="2" conditionals="0" coveredconditionals="0" methods="2" coveredmethods="2"/>
        <line num="6" count="1" type="stmt"/>
        <line num="7" count="1" type="stmt"/>
      </file>
    </package>
    <package name="redux.reducers">
      <metrics statements="5" coveredstatements="4" conditionals="3" coveredconditionals="1" methods="1" coveredmethods="1"/>
      <file name="data.reducer.ts" path="/Users/Hector/Desktop/sentisisFrontendChallenge/src/redux/reducers/data.reducer.ts">
        <metrics statements="5" coveredstatements="4" conditionals="3" coveredconditionals="1" methods="1" coveredmethods="1"/>
        <line num="3" count="1" type="stmt"/>
        <line num="7" count="1" type="cond" truecount="0" falsecount="1"/>
        <line num="8" count="1" type="cond" truecount="1" falsecount="1"/>
        <line num="10" count="1" type="stmt"/>
        <line num="16" count="0" type="stmt"/>
      </file>
    </package>
    <package name="redux.types">
      <metrics statements="1" coveredstatements="1" conditionals="0" coveredconditionals="0" methods="0" coveredmethods="0"/>
      <file name="index.ts" path="/Users/Hector/Desktop/sentisisFrontendChallenge/src/redux/types/index.ts">
        <metrics statements="1" coveredstatements="1" conditionals="0" coveredconditionals="0" methods="0" coveredmethods="0"/>
        <line num="3" count="2" type="stmt"/>
      </file>
    </package>
  </project>
</coverage>
