{"/Users/Hector/Desktop/sentisisFrontendChallenge/src/common/capitalize.ts": {"path":"/Users/Hector/Desktop/sentisisFrontendChallenge/src/common/capitalize.ts","statementMap":{"0":{"start":{"line":1,"column":26},"end":{"line":5,"column":null}},"1":{"start":{"line":2,"column":1},"end":{"line":2,"column":null}},"2":{"start":{"line":2,"column":22},"end":{"line":2,"column":null}},"3":{"start":{"line":4,"column":1},"end":{"line":4,"column":null}},"4":{"start":{"line":8,"column":19},"end":{"line":10,"column":null}},"5":{"start":{"line":9,"column":1},"end":{"line":9,"column":null}}},"fnMap":{"0":{"name":"(anonymous_0)","decl":{"start":{"line":1,"column":26},"end":{"line":1,"column":27}},"loc":{"start":{"line":1,"column":43},"end":{"line":5,"column":null}}},"1":{"name":"(anonymous_1)","decl":{"start":{"line":8,"column":19},"end":{"line":8,"column":20}},"loc":{"start":{"line":8,"column":36},"end":{"line":10,"column":null}}}},"branchMap":{"0":{"loc":{"start":{"line":2,"column":1},"end":{"line":2,"column":null}},"type":"if","locations":[{"start":{"line":2,"column":1},"end":{"line":2,"column":null}},{"start":{"line":2,"column":1},"end":{"line":2,"column":null}}]},"1":{"loc":{"start":{"line":9,"column":8},"end":{"line":9,"column":null}},"type":"binary-expr","locations":[{"start":{"line":9,"column":8},"end":{"line":9,"column":35}},{"start":{"line":9,"column":35},"end":{"line":9,"column":null}}]}},"s":{"0":1,"1":3,"2":2,"3":1,"4":1,"5":3},"f":{"0":3,"1":3},"b":{"0":[2,1],"1":[3,2]}}
,"/Users/Hector/Desktop/sentisisFrontendChallenge/src/common/dateParser.ts": {"path":"/Users/Hector/Desktop/sentisisFrontendChallenge/src/common/dateParser.ts","statementMap":{"0":{"start":{"line":1,"column":30},"end":{"line":11,"column":null}},"1":{"start":{"line":2,"column":1},"end":{"line":4,"column":null}},"2":{"start":{"line":3,"column":2},"end":{"line":3,"column":null}},"3":{"start":{"line":6,"column":13},"end":{"line":6,"column":null}},"4":{"start":{"line":7,"column":15},"end":{"line":7,"column":null}},"5":{"start":{"line":8,"column":14},"end":{"line":8,"column":null}},"6":{"start":{"line":10,"column":1},"end":{"line":10,"column":null}}},"fnMap":{"0":{"name":"(anonymous_0)","decl":{"start":{"line":1,"column":30},"end":{"line":1,"column":31}},"loc":{"start":{"line":1,"column":46},"end":{"line":11,"column":null}}}},"branchMap":{"0":{"loc":{"start":{"line":2,"column":1},"end":{"line":4,"column":null}},"type":"if","locations":[{"start":{"line":2,"column":1},"end":{"line":4,"column":null}},{"start":{"line":2,"column":1},"end":{"line":4,"column":null}}]}},"s":{"0":2,"1":8,"2":2,"3":6,"4":6,"5":6,"6":6},"f":{"0":8},"b":{"0":[2,6]}}
,"/Users/Hector/Desktop/sentisisFrontendChallenge/src/common/getCurrencyFormat.ts": {"path":"/Users/Hector/Desktop/sentisisFrontendChallenge/src/common/getCurrencyFormat.ts","statementMap":{"0":{"start":{"line":1,"column":33},"end":{"line":10,"column":null}},"1":{"start":{"line":2,"column":20},"end":{"line":7,"column":null}},"2":{"start":{"line":9,"column":1},"end":{"line":9,"column":null}},"3":{"start":{"line":9,"column":38},"end":{"line":9,"column":58}}},"fnMap":{"0":{"name":"(anonymous_0)","decl":{"start":{"line":1,"column":33},"end":{"line":1,"column":34}},"loc":{"start":{"line":1,"column":58},"end":{"line":10,"column":null}}},"1":{"name":"(anonymous_1)","decl":{"start":{"line":9,"column":24},"end":{"line":9,"column":25}},"loc":{"start":{"line":9,"column":38},"end":{"line":9,"column":58}}}},"branchMap":{"0":{"loc":{"start":{"line":9,"column":8},"end":{"line":9,"column":null}},"type":"binary-expr","locations":[{"start":{"line":9,"column":8},"end":{"line":9,"column":71}},{"start":{"line":9,"column":71},"end":{"line":9,"column":null}}]}},"s":{"0":3,"1":11,"2":11,"3":11},"f":{"0":11,"1":11},"b":{"0":[11,7]}}
,"/Users/Hector/Desktop/sentisisFrontendChallenge/src/common/moneyParser.ts": {"path":"/Users/Hector/Desktop/sentisisFrontendChallenge/src/common/moneyParser.ts","statementMap":{"0":{"start":{"line":1,"column":27},"end":{"line":5,"column":null}},"1":{"start":{"line":2,"column":1},"end":{"line":2,"column":null}},"2":{"start":{"line":2,"column":26},"end":{"line":2,"column":null}},"3":{"start":{"line":4,"column":1},"end":{"line":4,"column":null}},"4":{"start":{"line":7,"column":21},"end":{"line":9,"column":null}},"5":{"start":{"line":8,"column":1},"end":{"line":8,"column":null}}},"fnMap":{"0":{"name":"(anonymous_0)","decl":{"start":{"line":1,"column":27},"end":{"line":1,"column":28}},"loc":{"start":{"line":1,"column":46},"end":{"line":5,"column":null}}},"1":{"name":"(anonymous_1)","decl":{"start":{"line":7,"column":21},"end":{"line":7,"column":22}},"loc":{"start":{"line":7,"column":40},"end":{"line":9,"column":null}}}},"branchMap":{"0":{"loc":{"start":{"line":2,"column":1},"end":{"line":2,"column":null}},"type":"if","locations":[{"start":{"line":2,"column":1},"end":{"line":2,"column":null}},{"start":{"line":2,"column":1},"end":{"line":2,"column":null}}]},"1":{"loc":{"start":{"line":8,"column":8},"end":{"line":8,"column":null}},"type":"binary-expr","locations":[{"start":{"line":8,"column":8},"end":{"line":8,"column":37}},{"start":{"line":8,"column":37},"end":{"line":8,"column":null}}]}},"s":{"0":2,"1":4,"2":2,"3":2,"4":2,"5":4},"f":{"0":4,"1":4},"b":{"0":[2,2],"1":[4,2]}}
,"/Users/Hector/Desktop/sentisisFrontendChallenge/src/components/CartButton/CartButton.tsx": {"path":"/Users/Hector/Desktop/sentisisFrontendChallenge/src/components/CartButton/CartButton.tsx","statementMap":{"0":{"start":{"line":4,"column":19},"end":{"line":23,"column":null}},"1":{"start":{"line":5,"column":1},"end":{"line":21,"column":null}}},"fnMap":{"0":{"name":"(anonymous_0)","decl":{"start":{"line":4,"column":19},"end":{"line":4,"column":20}},"loc":{"start":{"line":4,"column":60},"end":{"line":23,"column":null}}}},"branchMap":{},"s":{"0":1,"1":1},"f":{"0":1},"b":{}}
,"/Users/Hector/Desktop/sentisisFrontendChallenge/src/components/Loading/SpinnerComponent.tsx": {"path":"/Users/Hector/Desktop/sentisisFrontendChallenge/src/components/Loading/SpinnerComponent.tsx","statementMap":{"0":{"start":{"line":4,"column":25},"end":{"line":12,"column":null}},"1":{"start":{"line":5,"column":1},"end":{"line":10,"column":null}}},"fnMap":{"0":{"name":"(anonymous_0)","decl":{"start":{"line":4,"column":25},"end":{"line":4,"column":31}},"loc":{"start":{"line":4,"column":31},"end":{"line":12,"column":null}}}},"branchMap":{},"s":{"0":1,"1":1},"f":{"0":1},"b":{}}
,"/Users/Hector/Desktop/sentisisFrontendChallenge/src/components/Modal/ProductDataModalComponent.tsx": {"path":"/Users/Hector/Desktop/sentisisFrontendChallenge/src/components/Modal/ProductDataModalComponent.tsx","statementMap":{"0":{"start":{"line":6,"column":34},"end":{"line":69,"column":null}},"1":{"start":{"line":8,"column":1},"end":{"line":67,"column":null}},"2":{"start":{"line":62,"column":20},"end":{"line":62,"column":null}}},"fnMap":{"0":{"name":"(anonymous_0)","decl":{"start":{"line":6,"column":34},"end":{"line":6,"column":35}},"loc":{"start":{"line":6,"column":203},"end":{"line":69,"column":null}}},"1":{"name":"(anonymous_1)","decl":{"start":{"line":62,"column":14},"end":{"line":62,"column":20}},"loc":{"start":{"line":62,"column":20},"end":{"line":62,"column":null}}}},"branchMap":{},"s":{"0":1,"1":1,"2":1},"f":{"0":1,"1":1},"b":{}}
,"/Users/Hector/Desktop/sentisisFrontendChallenge/src/components/Modal/SummaryModalComponent.tsx": {"path":"/Users/Hector/Desktop/sentisisFrontendChallenge/src/components/Modal/SummaryModalComponent.tsx","statementMap":{"0":{"start":{"line":7,"column":30},"end":{"line":52,"column":null}},"1":{"start":{"line":8,"column":1},"end":{"line":50,"column":null}},"2":{"start":{"line":24,"column":8},"end":{"line":27,"column":null}},"3":{"start":{"line":40,"column":10},"end":{"line":40,"column":null}}},"fnMap":{"0":{"name":"(anonymous_0)","decl":{"start":{"line":7,"column":30},"end":{"line":7,"column":31}},"loc":{"start":{"line":7,"column":133},"end":{"line":52,"column":null}}},"1":{"name":"(anonymous_1)","decl":{"start":{"line":23,"column":16},"end":{"line":23,"column":17}},"loc":{"start":{"line":23,"column":46},"end":{"line":29,"column":8}}},"2":{"name":"(anonymous_2)","decl":{"start":{"line":39,"column":33},"end":{"line":39,"column":34}},"loc":{"start":{"line":39,"column":76},"end":{"line":41,"column":12}}}},"branchMap":{},"s":{"0":1,"1":1,"2":2,"3":2},"f":{"0":1,"1":2,"2":2},"b":{}}
,"/Users/Hector/Desktop/sentisisFrontendChallenge/src/components/Table/TableComponent.tsx": {"path":"/Users/Hector/Desktop/sentisisFrontendChallenge/src/components/Table/TableComponent.tsx","statementMap":{"0":{"start":{"line":18,"column":24},"end":{"line":27,"column":null}},"1":{"start":{"line":18,"column":49},"end":{"line":27,"column":2}},"2":{"start":{"line":29,"column":23},"end":{"line":36,"column":null}},"3":{"start":{"line":29,"column":56},"end":{"line":36,"column":2}},"4":{"start":{"line":40,"column":1},"end":{"line":90,"column":null}},"5":{"start":{"line":56,"column":7},"end":{"line":85,"column":null}},"6":{"start":{"line":82,"column":25},"end":{"line":82,"column":null}},"7":{"start":{"line":94,"column":0},"end":{"line":97,"column":null}}},"fnMap":{"0":{"name":"(anonymous_0)","decl":{"start":{"line":18,"column":42},"end":{"line":18,"column":49}},"loc":{"start":{"line":18,"column":49},"end":{"line":27,"column":2}}},"1":{"name":"(anonymous_1)","decl":{"start":{"line":29,"column":40},"end":{"line":29,"column":41}},"loc":{"start":{"line":29,"column":56},"end":{"line":36,"column":2}}},"2":{"name":"TableComponent","decl":{"start":{"line":39,"column":24},"end":{"line":39,"column":39}},"loc":{"start":{"line":39,"column":226},"end":{"line":92,"column":null}}},"3":{"name":"(anonymous_3)","decl":{"start":{"line":55,"column":21},"end":{"line":55,"column":22}},"loc":{"start":{"line":56,"column":7},"end":{"line":85,"column":null}}},"4":{"name":"(anonymous_4)","decl":{"start":{"line":82,"column":19},"end":{"line":82,"column":25}},"loc":{"start":{"line":82,"column":25},"end":{"line":82,"column":null}}}},"branchMap":{"0":{"loc":{"start":{"line":69,"column":30},"end":{"line":69,"column":45}},"type":"binary-expr","locations":[{"start":{"line":69,"column":30},"end":{"line":69,"column":42}},{"start":{"line":69,"column":42},"end":{"line":69,"column":45}}]}},"s":{"0":1,"1":36,"2":1,"3":4,"4":2,"5":4,"6":0,"7":1},"f":{"0":36,"1":4,"2":2,"3":4,"4":0},"b":{"0":[4,4]}}
,"/Users/Hector/Desktop/sentisisFrontendChallenge/src/components/Table/UnitSelector.tsx": {"path":"/Users/Hector/Desktop/sentisisFrontendChallenge/src/components/Table/UnitSelector.tsx","statementMap":{"0":{"start":{"line":10,"column":18},"end":{"line":24,"column":null}},"1":{"start":{"line":10,"column":39},"end":{"line":24,"column":2}},"2":{"start":{"line":28,"column":17},"end":{"line":28,"column":null}},"3":{"start":{"line":30,"column":1},"end":{"line":65,"column":null}},"4":{"start":{"line":37,"column":21},"end":{"line":37,"column":null}},"5":{"start":{"line":58,"column":21},"end":{"line":58,"column":null}},"6":{"start":{"line":71,"column":0},"end":{"line":75,"column":null}}},"fnMap":{"0":{"name":"(anonymous_0)","decl":{"start":{"line":10,"column":29},"end":{"line":10,"column":39}},"loc":{"start":{"line":10,"column":39},"end":{"line":24,"column":2}}},"1":{"name":"UnitSelector","decl":{"start":{"line":27,"column":9},"end":{"line":27,"column":22}},"loc":{"start":{"line":27,"column":150},"end":{"line":67,"column":null}}},"2":{"name":"(anonymous_2)","decl":{"start":{"line":37,"column":15},"end":{"line":37,"column":21}},"loc":{"start":{"line":37,"column":21},"end":{"line":37,"column":null}}},"3":{"name":"(anonymous_3)","decl":{"start":{"line":58,"column":15},"end":{"line":58,"column":21}},"loc":{"start":{"line":58,"column":21},"end":{"line":58,"column":null}}}},"branchMap":{},"s":{"0":2,"1":2,"2":5,"3":5,"4":2,"5":1,"6":2},"f":{"0":2,"1":5,"2":2,"3":1},"b":{}}
,"/Users/Hector/Desktop/sentisisFrontendChallenge/src/redux/actions/data.actions.ts": {"path":"/Users/Hector/Desktop/sentisisFrontendChallenge/src/redux/actions/data.actions.ts","statementMap":{"0":{"start":{"line":6,"column":24},"end":{"line":11,"column":null}},"1":{"start":{"line":6,"column":56},"end":{"line":11,"column":null}},"2":{"start":{"line":7,"column":1},"end":{"line":10,"column":null}}},"fnMap":{"0":{"name":"(anonymous_0)","decl":{"start":{"line":6,"column":24},"end":{"line":6,"column":25}},"loc":{"start":{"line":6,"column":56},"end":{"line":11,"column":null}}},"1":{"name":"(anonymous_1)","decl":{"start":{"line":6,"column":56},"end":{"line":6,"column":57}},"loc":{"start":{"line":6,"column":97},"end":{"line":11,"column":null}}}},"branchMap":{},"s":{"0":1,"1":1,"2":1},"f":{"0":1,"1":1},"b":{}}
,"/Users/Hector/Desktop/sentisisFrontendChallenge/src/redux/reducers/data.reducer.ts": {"path":"/Users/Hector/Desktop/sentisisFrontendChallenge/src/redux/reducers/data.reducer.ts","statementMap":{"0":{"start":{"line":3,"column":21},"end":{"line":5,"column":null}},"1":{"start":{"line":7,"column":20},"end":{"line":18,"column":null}},"2":{"start":{"line":8,"column":1},"end":{"line":17,"column":null}},"3":{"start":{"line":10,"column":2},"end":{"line":13,"column":null}},"4":{"start":{"line":16,"column":2},"end":{"line":16,"column":null}}},"fnMap":{"0":{"name":"(anonymous_0)","decl":{"start":{"line":7,"column":20},"end":{"line":7,"column":21}},"loc":{"start":{"line":7,"column":59},"end":{"line":18,"column":null}}}},"branchMap":{"0":{"loc":{"start":{"line":7,"column":21},"end":{"line":7,"column":43}},"type":"default-arg","locations":[{"start":{"line":7,"column":29},"end":{"line":7,"column":43}}]},"1":{"loc":{"start":{"line":8,"column":1},"end":{"line":17,"column":null}},"type":"switch","locations":[{"start":{"line":9,"column":1},"end":{"line":13,"column":null}},{"start":{"line":15,"column":1},"end":{"line":16,"column":null}}]}},"s":{"0":1,"1":1,"2":1,"3":1,"4":0},"f":{"0":1},"b":{"0":[0],"1":[1,0]}}
,"/Users/Hector/Desktop/sentisisFrontendChallenge/src/redux/types/index.ts": {"path":"/Users/Hector/Desktop/sentisisFrontendChallenge/src/redux/types/index.ts","statementMap":{"0":{"start":{"line":3,"column":25},"end":{"line":3,"column":null}}},"fnMap":{},"branchMap":{},"s":{"0":2},"f":{},"b":{}}
}
