{"/Users/Hector/Desktop/sentisisFrontendChallenge/src/common/capitalize.ts": {"path":"/Users/Hector/Desktop/sentisisFrontendChallenge/src/common/capitalize.ts","statementMap":{"0":{"start":{"line":1,"column":26},"end":{"line":5,"column":null}},"1":{"start":{"line":2,"column":1},"end":{"line":2,"column":null}},"2":{"start":{"line":2,"column":22},"end":{"line":2,"column":null}},"3":{"start":{"line":4,"column":1},"end":{"line":4,"column":null}},"4":{"start":{"line":8,"column":19},"end":{"line":10,"column":null}},"5":{"start":{"line":9,"column":1},"end":{"line":9,"column":null}}},"fnMap":{"0":{"name":"(anonymous_0)","decl":{"start":{"line":1,"column":26},"end":{"line":1,"column":27}},"loc":{"start":{"line":1,"column":43},"end":{"line":5,"column":null}}},"1":{"name":"(anonymous_1)","decl":{"start":{"line":8,"column":19},"end":{"line":8,"column":20}},"loc":{"start":{"line":8,"column":36},"end":{"line":10,"column":null}}}},"branchMap":{"0":{"loc":{"start":{"line":2,"column":1},"end":{"line":2,"column":null}},"type":"if","locations":[{"start":{"line":2,"column":1},"end":{"line":2,"column":null}},{"start":{"line":2,"column":1},"end":{"line":2,"column":null}}]},"1":{"loc":{"start":{"line":9,"column":8},"end":{"line":9,"column":null}},"type":"binary-expr","locations":[{"start":{"line":9,"column":8},"end":{"line":9,"column":35}},{"start":{"line":9,"column":35},"end":{"line":9,"column":null}}]}},"s":{"0":1,"1":3,"2":2,"3":1,"4":1,"5":3},"f":{"0":3,"1":3},"b":{"0":[2,1],"1":[3,2]}}
,"/Users/Hector/Desktop/sentisisFrontendChallenge/src/common/dateParser.ts": {"path":"/Users/Hector/Desktop/sentisisFrontendChallenge/src/common/dateParser.ts","statementMap":{"0":{"start":{"line":1,"column":30},"end":{"line":11,"column":null}},"1":{"start":{"line":2,"column":1},"end":{"line":4,"column":null}},"2":{"start":{"line":3,"column":2},"end":{"line":3,"column":null}},"3":{"start":{"line":6,"column":13},"end":{"line":6,"column":null}},"4":{"start":{"line":7,"column":15},"end":{"line":7,"column":null}},"5":{"start":{"line":8,"column":14},"end":{"line":8,"column":null}},"6":{"start":{"line":10,"column":1},"end":{"line":10,"column":null}}},"fnMap":{"0":{"name":"(anonymous_0)","decl":{"start":{"line":1,"column":30},"end":{"line":1,"column":31}},"loc":{"start":{"line":1,"column":46},"end":{"line":11,"column":null}}}},"branchMap":{"0":{"loc":{"start":{"line":2,"column":1},"end":{"line":4,"column":null}},"type":"if","locations":[{"start":{"line":2,"column":1},"end":{"line":4,"column":null}},{"start":{"line":2,"column":1},"end":{"line":4,"column":null}}]}},"s":{"0":2,"1":8,"2":2,"3":6,"4":6,"5":6,"6":6},"f":{"0":8},"b":{"0":[2,6]}}
,"/Users/Hector/Desktop/sentisisFrontendChallenge/src/common/getCurrencyFormat.ts": {"path":"/Users/Hector/Desktop/sentisisFrontendChallenge/src/common/getCurrencyFormat.ts","statementMap":{"0":{"start":{"line":1,"column":33},"end":{"line":10,"column":null}},"1":{"start":{"line":2,"column":20},"end":{"line":7,"column":null}},"2":{"start":{"line":9,"column":1},"end":{"line":9,"column":null}},"3":{"start":{"line":9,"column":38},"end":{"line":9,"column":58}}},"fnMap":{"0":{"name":"(anonymous_0)","decl":{"start":{"line":1,"column":33},"end":{"line":1,"column":34}},"loc":{"start":{"line":1,"column":58},"end":{"line":10,"column":null}}},"1":{"name":"(anonymous_1)","decl":{"start":{"line":9,"column":24},"end":{"line":9,"column":25}},"loc":{"start":{"line":9,"column":38},"end":{"line":9,"column":58}}}},"branchMap":{"0":{"loc":{"start":{"line":9,"column":8},"end":{"line":9,"column":null}},"type":"binary-expr","locations":[{"start":{"line":9,"column":8},"end":{"line":9,"column":71}},{"start":{"line":9,"column":71},"end":{"line":9,"column":null}}]}},"s":{"0":3,"1":11,"2":11,"3":11},"f":{"0":11,"1":11},"b":{"0":[11,7]}}
,"/Users/Hector/Desktop/sentisisFrontendChallenge/src/common/moneyParser.ts": {"path":"/Users/Hector/Desktop/sentisisFrontendChallenge/src/common/moneyParser.ts","statementMap":{"0":{"start":{"line":1,"column":27},"end":{"line":5,"column":null}},"1":{"start":{"line":2,"column":1},"end":{"line":2,"column":null}},"2":{"start":{"line":2,"column":26},"end":{"line":2,"column":null}},"3":{"start":{"line":4,"column":1},"end":{"line":4,"column":null}},"4":{"start":{"line":7,"column":21},"end":{"line":9,"column":null}},"5":{"start":{"line":8,"column":1},"end":{"line":8,"column":null}}},"fnMap":{"0":{"name":"(anonymous_0)","decl":{"start":{"line":1,"column":27},"end":{"line":1,"column":28}},"loc":{"start":{"line":1,"column":46},"end":{"line":5,"column":null}}},"1":{"name":"(anonymous_1)","decl":{"start":{"line":7,"column":21},"end":{"line":7,"column":22}},"loc":{"start":{"line":7,"column":40},"end":{"line":9,"column":null}}}},"branchMap":{"0":{"loc":{"start":{"line":2,"column":1},"end":{"line":2,"column":null}},"type":"if","locations":[{"start":{"line":2,"column":1},"end":{"line":2,"column":null}},{"start":{"line":2,"column":1},"end":{"line":2,"column":null}}]},"1":{"loc":{"start":{"line":8,"column":8},"end":{"line":8,"column":null}},"type":"binary-expr","locations":[{"start":{"line":8,"column":8},"end":{"line":8,"column":37}},{"start":{"line":8,"column":37},"end":{"line":8,"column":null}}]}},"s":{"0":2,"1":4,"2":2,"3":2,"4":2,"5":4},"f":{"0":4,"1":4},"b":{"0":[2,2],"1":[4,2]}}
,"/Users/Hector/Desktop/sentisisFrontendChallenge/src/components/CartButton/CartButton.tsx": {"path":"/Users/Hector/Desktop/sentisisFrontendChallenge/src/components/CartButton/CartButton.tsx","statementMap":{"0":{"start":{"line":9,"column":36},"end":{"line":28,"column":null}},"1":{"start":{"line":10,"column":1},"end":{"line":26,"column":null}}},"fnMap":{"0":{"name":"(anonymous_0)","decl":{"start":{"line":9,"column":36},"end":{"line":9,"column":37}},"loc":{"start":{"line":9,"column":53},"end":{"line":28,"column":null}}}},"branchMap":{},"s":{"0":1,"1":1},"f":{"0":1},"b":{}}
,"/Users/Hector/Desktop/sentisisFrontendChallenge/src/components/Loading/SpinnerComponent.tsx": {"path":"/Users/Hector/Desktop/sentisisFrontendChallenge/src/components/Loading/SpinnerComponent.tsx","statementMap":{"0":{"start":{"line":4,"column":25},"end":{"line":12,"column":null}},"1":{"start":{"line":5,"column":1},"end":{"line":10,"column":null}}},"fnMap":{"0":{"name":"(anonymous_0)","decl":{"start":{"line":4,"column":25},"end":{"line":4,"column":31}},"loc":{"start":{"line":4,"column":31},"end":{"line":12,"column":null}}}},"branchMap":{},"s":{"0":1,"1":1},"f":{"0":1},"b":{}}
,"/Users/Hector/Desktop/sentisisFrontendChallenge/src/components/Modal/ProductDataModalComponent.tsx": {"path":"/Users/Hector/Desktop/sentisisFrontendChallenge/src/components/Modal/ProductDataModalComponent.tsx","statementMap":{"0":{"start":{"line":13,"column":51},"end":{"line":75,"column":null}},"1":{"start":{"line":14,"column":1},"end":{"line":73,"column":null}},"2":{"start":{"line":68,"column":20},"end":{"line":68,"column":null}}},"fnMap":{"0":{"name":"(anonymous_0)","decl":{"start":{"line":13,"column":51},"end":{"line":13,"column":52}},"loc":{"start":{"line":13,"column":106},"end":{"line":75,"column":null}}},"1":{"name":"(anonymous_1)","decl":{"start":{"line":68,"column":14},"end":{"line":68,"column":20}},"loc":{"start":{"line":68,"column":20},"end":{"line":68,"column":null}}}},"branchMap":{},"s":{"0":1,"1":1,"2":1},"f":{"0":1,"1":1},"b":{}}
,"/Users/Hector/Desktop/sentisisFrontendChallenge/src/components/Modal/SummaryModalComponent.tsx": {"path":"/Users/Hector/Desktop/sentisisFrontendChallenge/src/components/Modal/SummaryModalComponent.tsx","statementMap":{"0":{"start":{"line":6,"column":19},"end":{"line":8,"column":null}},"1":{"start":{"line":16,"column":47},"end":{"line":65,"column":null}},"2":{"start":{"line":17,"column":20},"end":{"line":19,"column":null}},"3":{"start":{"line":18,"column":2},"end":{"line":18,"column":null}},"4":{"start":{"line":21,"column":1},"end":{"line":63,"column":null}},"5":{"start":{"line":37,"column":8},"end":{"line":45,"column":null}}},"fnMap":{"0":{"name":"(anonymous_0)","decl":{"start":{"line":16,"column":47},"end":{"line":16,"column":48}},"loc":{"start":{"line":16,"column":79},"end":{"line":65,"column":null}}},"1":{"name":"(anonymous_1)","decl":{"start":{"line":17,"column":44},"end":{"line":17,"column":45}},"loc":{"start":{"line":17,"column":87},"end":{"line":19,"column":4}}},"2":{"name":"(anonymous_2)","decl":{"start":{"line":36,"column":16},"end":{"line":36,"column":17}},"loc":{"start":{"line":36,"column":46},"end":{"line":47,"column":8}}}},"branchMap":{},"s":{"0":1,"1":1,"2":1,"3":2,"4":1,"5":2},"f":{"0":1,"1":2,"2":2},"b":{}}
,"/Users/Hector/Desktop/sentisisFrontendChallenge/src/components/Table/TableComponent.tsx": {"path":"/Users/Hector/Desktop/sentisisFrontendChallenge/src/components/Table/TableComponent.tsx","statementMap":{"0":{"start":{"line":17,"column":24},"end":{"line":26,"column":null}},"1":{"start":{"line":17,"column":49},"end":{"line":26,"column":2}},"2":{"start":{"line":28,"column":23},"end":{"line":35,"column":null}},"3":{"start":{"line":28,"column":56},"end":{"line":35,"column":2}},"4":{"start":{"line":43,"column":40},"end":{"line":96,"column":null}},"5":{"start":{"line":44,"column":1},"end":{"line":94,"column":null}},"6":{"start":{"line":60,"column":7},"end":{"line":89,"column":null}},"7":{"start":{"line":86,"column":25},"end":{"line":86,"column":null}}},"fnMap":{"0":{"name":"(anonymous_0)","decl":{"start":{"line":17,"column":42},"end":{"line":17,"column":49}},"loc":{"start":{"line":17,"column":49},"end":{"line":26,"column":2}}},"1":{"name":"(anonymous_1)","decl":{"start":{"line":28,"column":40},"end":{"line":28,"column":41}},"loc":{"start":{"line":28,"column":56},"end":{"line":35,"column":2}}},"2":{"name":"(anonymous_2)","decl":{"start":{"line":43,"column":40},"end":{"line":43,"column":41}},"loc":{"start":{"line":43,"column":97},"end":{"line":96,"column":null}}},"3":{"name":"(anonymous_3)","decl":{"start":{"line":59,"column":21},"end":{"line":59,"column":22}},"loc":{"start":{"line":60,"column":7},"end":{"line":89,"column":null}}},"4":{"name":"(anonymous_4)","decl":{"start":{"line":86,"column":19},"end":{"line":86,"column":25}},"loc":{"start":{"line":86,"column":25},"end":{"line":86,"column":null}}}},"branchMap":{"0":{"loc":{"start":{"line":73,"column":30},"end":{"line":73,"column":45}},"type":"binary-expr","locations":[{"start":{"line":73,"column":30},"end":{"line":73,"column":42}},{"start":{"line":73,"column":42},"end":{"line":73,"column":45}}]}},"s":{"0":1,"1":36,"2":1,"3":4,"4":1,"5":2,"6":4,"7":0},"f":{"0":36,"1":4,"2":2,"3":4,"4":0},"b":{"0":[4,4]}}
,"/Users/Hector/Desktop/sentisisFrontendChallenge/src/components/Table/UnitSelector.tsx": {"path":"/Users/Hector/Desktop/sentisisFrontendChallenge/src/components/Table/UnitSelector.tsx","statementMap":{"0":{"start":{"line":9,"column":18},"end":{"line":23,"column":null}},"1":{"start":{"line":9,"column":39},"end":{"line":23,"column":2}},"2":{"start":{"line":32,"column":38},"end":{"line":72,"column":null}},"3":{"start":{"line":33,"column":17},"end":{"line":33,"column":null}},"4":{"start":{"line":35,"column":1},"end":{"line":70,"column":null}},"5":{"start":{"line":42,"column":21},"end":{"line":42,"column":null}},"6":{"start":{"line":63,"column":21},"end":{"line":63,"column":null}}},"fnMap":{"0":{"name":"(anonymous_0)","decl":{"start":{"line":9,"column":29},"end":{"line":9,"column":39}},"loc":{"start":{"line":9,"column":39},"end":{"line":23,"column":2}}},"1":{"name":"(anonymous_1)","decl":{"start":{"line":32,"column":38},"end":{"line":32,"column":39}},"loc":{"start":{"line":32,"column":79},"end":{"line":72,"column":null}}},"2":{"name":"(anonymous_2)","decl":{"start":{"line":42,"column":15},"end":{"line":42,"column":21}},"loc":{"start":{"line":42,"column":21},"end":{"line":42,"column":null}}},"3":{"name":"(anonymous_3)","decl":{"start":{"line":63,"column":15},"end":{"line":63,"column":21}},"loc":{"start":{"line":63,"column":21},"end":{"line":63,"column":null}}}},"branchMap":{},"s":{"0":2,"1":2,"2":2,"3":5,"4":5,"5":2,"6":1},"f":{"0":2,"1":5,"2":2,"3":1},"b":{}}
,"/Users/Hector/Desktop/sentisisFrontendChallenge/src/redux/actions/data.actions.ts": {"path":"/Users/Hector/Desktop/sentisisFrontendChallenge/src/redux/actions/data.actions.ts","statementMap":{"0":{"start":{"line":6,"column":24},"end":{"line":11,"column":null}},"1":{"start":{"line":6,"column":56},"end":{"line":11,"column":null}},"2":{"start":{"line":7,"column":1},"end":{"line":10,"column":null}}},"fnMap":{"0":{"name":"(anonymous_0)","decl":{"start":{"line":6,"column":24},"end":{"line":6,"column":25}},"loc":{"start":{"line":6,"column":56},"end":{"line":11,"column":null}}},"1":{"name":"(anonymous_1)","decl":{"start":{"line":6,"column":56},"end":{"line":6,"column":57}},"loc":{"start":{"line":6,"column":97},"end":{"line":11,"column":null}}}},"branchMap":{},"s":{"0":1,"1":1,"2":1},"f":{"0":1,"1":1},"b":{}}
,"/Users/Hector/Desktop/sentisisFrontendChallenge/src/redux/reducers/data.reducer.ts": {"path":"/Users/Hector/Desktop/sentisisFrontendChallenge/src/redux/reducers/data.reducer.ts","statementMap":{"0":{"start":{"line":3,"column":21},"end":{"line":5,"column":null}},"1":{"start":{"line":7,"column":20},"end":{"line":18,"column":null}},"2":{"start":{"line":8,"column":1},"end":{"line":17,"column":null}},"3":{"start":{"line":10,"column":2},"end":{"line":13,"column":null}},"4":{"start":{"line":16,"column":2},"end":{"line":16,"column":null}}},"fnMap":{"0":{"name":"(anonymous_0)","decl":{"start":{"line":7,"column":20},"end":{"line":7,"column":21}},"loc":{"start":{"line":7,"column":59},"end":{"line":18,"column":null}}}},"branchMap":{"0":{"loc":{"start":{"line":7,"column":21},"end":{"line":7,"column":43}},"type":"default-arg","locations":[{"start":{"line":7,"column":29},"end":{"line":7,"column":43}}]},"1":{"loc":{"start":{"line":8,"column":1},"end":{"line":17,"column":null}},"type":"switch","locations":[{"start":{"line":9,"column":1},"end":{"line":13,"column":null}},{"start":{"line":15,"column":1},"end":{"line":16,"column":null}}]}},"s":{"0":1,"1":1,"2":1,"3":1,"4":0},"f":{"0":1},"b":{"0":[0],"1":[1,0]}}
,"/Users/Hector/Desktop/sentisisFrontendChallenge/src/redux/types/index.ts": {"path":"/Users/Hector/Desktop/sentisisFrontendChallenge/src/redux/types/index.ts","statementMap":{"0":{"start":{"line":3,"column":25},"end":{"line":3,"column":null}}},"fnMap":{},"branchMap":{},"s":{"0":2},"f":{},"b":{}}
}
